Tue Aug 28 10:27:38 Log file reset
Tue Aug 28 10:27:38 Loaded file BACKUP0.MAX
Tue Aug 28 10:30:01 Saved as file ~undo.max
Tue Aug 28 10:30:21 Saved as file ~undo.max
Tue Aug 28 10:30:40 Saved as file ~undo.max
Tue Aug 28 10:31:08 Saved as file ~undo.max
Tue Aug 28 10:31:25 Saved as file ~undo.max
Tue Aug 28 10:31:37 Saved as file ~undo.max
Tue Aug 28 10:31:50 Saved as file E:\MUSHTAQ PCB\PROGRAMMABLE GPIO72 CARD\PROGRAMMABLE_GPIO72_CARD-8.MAX
Tue Aug 28 10:31:51 Saved as file E:\MUSHTAQ PCB\PROGRAMMABLE GPIO72 CARD\PROGRAMMABLE_GPIO72_CARD-8.MAX
Tue Aug 28 10:32:03 Saved as file ~undo.max
Tue Aug 28 10:32:13 Saved as file ~undo.max
Tue Aug 28 10:32:22 Saved as file ~undo.max
Tue Aug 28 10:32:26 Saved as file E:\MUSHTAQ PCB\PROGRAMMABLE GPIO72 CARD\PROGRAMMABLE_GPIO72_CARD-8.MAX
Tue Aug 28 10:32:27 Saved as file E:\MUSHTAQ PCB\PROGRAMMABLE GPIO72 CARD\PROGRAMMABLE_GPIO72_CARD-8.MAX
Tue Aug 28 10:32:27 Saved as file E:\MUSHTAQ PCB\PROGRAMMABLE GPIO72 CARD\PROGRAMMABLE_GPIO72_CARD-8.MAX
Tue Aug 28 10:33:03 Saved as file ~undo.max
Tue Aug 28 10:34:51 Saved as file E:\MUSHTAQ PCB\PROGRAMMABLE GPIO72 CARD\PROGRAMMABLE_GPIO72_CARD-8.MAX
Tue Aug 28 10:36:39 Saved as file ~undo.max
Tue Aug 28 10:38:33 Saved as file E:\MUSHTAQ PCB\PROGRAMMABLE GPIO72 CARD\PROGRAMMABLE_GPIO72_CARD-8.MAX
Tue Aug 28 10:38:34 Saved as file E:\MUSHTAQ PCB\PROGRAMMABLE GPIO72 CARD\PROGRAMMABLE_GPIO72_CARD-8.MAX
Tue Aug 28 10:38:38 Saved as file BACKUP1.MAX
Tue Aug 28 10:39:22 Saved as file E:\MUSHTAQ PCB\PROGRAMMABLE GPIO72 CARD\PROGRAMMABLE_GPIO72_CARD-8.MAX
Tue Aug 28 10:39:22 Saved as file E:\MUSHTAQ PCB\PROGRAMMABLE GPIO72 CARD\PROGRAMMABLE_GPIO72_CARD-8.MAX
Tue Aug 28 10:39:28 Saved as file E:\MUSHTAQ PCB\PROGRAMMABLE GPIO72 CARD\PROGRAMMABLE_GPIO72_CARD-8.MAX
Tue Aug 28 10:39:28 Saved as file E:\MUSHTAQ PCB\PROGRAMMABLE GPIO72 CARD\PROGRAMMABLE_GPIO72_CARD-8.MAX
Tue Aug 28 10:41:01 Saved as file E:\MUSHTAQ PCB\PROGRAMMABLE GPIO72 CARD\PROGRAMMABLE_GPIO72_CARD-8.MAX
Tue Aug 28 10:41:02 Saved as file E:\MUSHTAQ PCB\PROGRAMMABLE GPIO72 CARD\PROGRAMMABLE_GPIO72_CARD-8.MAX
Tue Aug 28 10:41:17 Saved as file E:\MUSHTAQ PCB\PROGRAMMABLE GPIO72 CARD\PROGRAMMABLE_GPIO72_CARD-8.MAX
Tue Aug 28 10:41:44 Saved as file E:\MUSHTAQ PCB\PROGRAMMABLE GPIO72 CARD\PROGRAMMABLE_GPIO72_CARD-8.MAX
Tue Aug 28 10:42:45 Saved as file E:\MUSHTAQ PCB\PROGRAMMABLE GPIO72 CARD\PROGRAMMABLE_GPIO72_CARD-8.MAX
Tue Aug 28 10:42:46 Saved as file E:\MUSHTAQ PCB\PROGRAMMABLE GPIO72 CARD\PROGRAMMABLE_GPIO72_CARD-8.MAX
Tue Aug 28 10:43:42 Saved as file E:\MUSHTAQ PCB\PROGRAMMABLE GPIO72 CARD\PROGRAMMABLE_GPIO72_CARD-8.MAX
Tue Aug 28 10:44:03 Saved as file ~undo.max
Tue Aug 28 10:49:12 Saved as file E:\MUSHTAQ PCB\PROGRAMMABLE GPIO72 CARD\PROGRAMMABLE_GPIO72_CARD-8.MAX
Tue Aug 28 10:49:13 Saved as file E:\MUSHTAQ PCB\PROGRAMMABLE GPIO72 CARD\PROGRAMMABLE_GPIO72_CARD-8.MAX
Tue Aug 28 10:50:08 Saved as file BACKUP1.MAX
Tue Aug 28 10:52:54 Saved as file E:\MUSHTAQ PCB\PROGRAMMABLE GPIO72 CARD\PROGRAMMABLE_GPIO72_CARD-8.MAX
Tue Aug 28 10:52:54 Saved as file E:\MUSHTAQ PCB\PROGRAMMABLE GPIO72 CARD\PROGRAMMABLE_GPIO72_CARD-8.MAX
Tue Aug 28 10:55:01 Saved as file E:\MUSHTAQ PCB\PROGRAMMABLE GPIO72 CARD\PROGRAMMABLE_GPIO72_CARD-8.MAX
Tue Aug 28 10:57:00 Saved as file ~undo.max
Tue Aug 28 11:00:05 Saved as file E:\MUSHTAQ PCB\PROGRAMMABLE GPIO72 CARD\PROGRAMMABLE_GPIO72_CARD-8.MAX
Tue Aug 28 11:00:09 Saved as file BACKUP1.MAX
Tue Aug 28 11:02:37 Saved as file E:\MUSHTAQ PCB\PROGRAMMABLE GPIO72 CARD\PROGRAMMABLE_GPIO72_CARD-8.MAX
Tue Aug 28 11:02:43 Saved as file ~undo.max
Tue Aug 28 11:03:59 Saved as file E:\MUSHTAQ PCB\PROGRAMMABLE GPIO72 CARD\PROGRAMMABLE_GPIO72_CARD-8.MAX
Tue Aug 28 11:05:05 Saved as file E:\MUSHTAQ PCB\PROGRAMMABLE GPIO72 CARD\PROGRAMMABLE_GPIO72_CARD-8.MAX
Tue Aug 28 11:05:28 Saved as file E:\MUSHTAQ PCB\PROGRAMMABLE GPIO72 CARD\PROGRAMMABLE_GPIO72_CARD-8.MAX
Tue Aug 28 11:06:38 Saved as file E:\MUSHTAQ PCB\PROGRAMMABLE GPIO72 CARD\PROGRAMMABLE_GPIO72_CARD-8.MAX
Tue Aug 28 11:08:56 Saved as file E:\MUSHTAQ PCB\PROGRAMMABLE GPIO72 CARD\PROGRAMMABLE_GPIO72_CARD-8.MAX
Tue Aug 28 11:09:03 Saved as file E:\MUSHTAQ PCB\PROGRAMMABLE GPIO72 CARD\PROGRAMMABLE_GPIO72_CARD-8.MAX
Tue Aug 28 11:10:11 Saved as file E:\MUSHTAQ PCB\PROGRAMMABLE GPIO72 CARD\PROGRAMMABLE_GPIO72_CARD-8.MAX
Tue Aug 28 11:11:08 Saved as file BACKUP1.MAX
Tue Aug 28 11:11:43 Saved as file ~undo.max
Tue Aug 28 11:12:13 Saved as file E:\MUSHTAQ PCB\PROGRAMMABLE GPIO72 CARD\PROGRAMMABLE_GPIO72_CARD-8.MAX
Tue Aug 28 11:13:38 Saved as file E:\MUSHTAQ PCB\PROGRAMMABLE GPIO72 CARD\PROGRAMMABLE_GPIO72_CARD-8.MAX
Tue Aug 28 11:17:05 Saved as file E:\MUSHTAQ PCB\PROGRAMMABLE GPIO72 CARD\PROGRAMMABLE_GPIO72_CARD-8.MAX
Tue Aug 28 11:21:30 Saved as file E:\MUSHTAQ PCB\PROGRAMMABLE GPIO72 CARD\PROGRAMMABLE_GPIO72_CARD-8.MAX
Tue Aug 28 11:21:30 Saved as file E:\MUSHTAQ PCB\PROGRAMMABLE GPIO72 CARD\PROGRAMMABLE_GPIO72_CARD-8.MAX
Tue Aug 28 11:21:31 Saved as file E:\MUSHTAQ PCB\PROGRAMMABLE GPIO72 CARD\PROGRAMMABLE_GPIO72_CARD-8.MAX
Tue Aug 28 11:21:38 Saved as file BACKUP1.MAX
Tue Aug 28 11:25:12 Saved as file E:\MUSHTAQ PCB\PROGRAMMABLE GPIO72 CARD\PROGRAMMABLE_GPIO72_CARD-8.MAX
Tue Aug 28 11:25:12 Saved as file E:\MUSHTAQ PCB\PROGRAMMABLE GPIO72 CARD\PROGRAMMABLE_GPIO72_CARD-8.MAX
Tue Aug 28 11:26:07 Saved as file E:\MUSHTAQ PCB\PROGRAMMABLE GPIO72 CARD\PROGRAMMABLE_GPIO72_CARD-8.MAX
Tue Aug 28 11:26:08 Saved as file E:\MUSHTAQ PCB\PROGRAMMABLE GPIO72 CARD\PROGRAMMABLE_GPIO72_CARD-8.MAX
Tue Aug 28 11:26:21 Saved as file E:\MUSHTAQ PCB\PROGRAMMABLE GPIO72 CARD\PROGRAMMABLE_GPIO72_CARD-8.MAX
Tue Aug 28 11:26:21 Saved as file E:\MUSHTAQ PCB\PROGRAMMABLE GPIO72 CARD\PROGRAMMABLE_GPIO72_CARD-8.MAX
Tue Aug 28 11:26:22 Saved as file E:\MUSHTAQ PCB\PROGRAMMABLE GPIO72 CARD\PROGRAMMABLE_GPIO72_CARD-8.MAX
Tue Aug 28 11:27:40 Saved as file E:\MUSHTAQ PCB\PROGRAMMABLE GPIO72 CARD\PROGRAMMABLE_GPIO72_CARD-8.MAX
Tue Aug 28 11:27:40 Saved as file E:\MUSHTAQ PCB\PROGRAMMABLE GPIO72 CARD\PROGRAMMABLE_GPIO72_CARD-8.MAX
Tue Aug 28 11:31:38 Saved as file BACKUP1.MAX
Tue Aug 28 11:34:52 Saved as file E:\MUSHTAQ PCB\PROGRAMMABLE GPIO72 CARD\PROGRAMMABLE_GPIO72_CARD-8.MAX
Tue Aug 28 11:34:53 Saved as file E:\MUSHTAQ PCB\PROGRAMMABLE GPIO72 CARD\PROGRAMMABLE_GPIO72_CARD-8.MAX
Tue Aug 28 11:34:53 Saved as file E:\MUSHTAQ PCB\PROGRAMMABLE GPIO72 CARD\PROGRAMMABLE_GPIO72_CARD-8.MAX
Tue Aug 28 11:34:53 Saved as file E:\MUSHTAQ PCB\PROGRAMMABLE GPIO72 CARD\PROGRAMMABLE_GPIO72_CARD-8.MAX
Tue Aug 28 11:35:15 Saved as file E:\MUSHTAQ PCB\PROGRAMMABLE GPIO72 CARD\PROGRAMMABLE_GPIO72_CARD-8.MAX
Tue Aug 28 11:36:00 Saved as file ~undo.max
Tue Aug 28 11:36:28 Saved as file E:\MUSHTAQ PCB\PROGRAMMABLE GPIO72 CARD\PROGRAMMABLE_GPIO72_CARD-8.MAX
Tue Aug 28 11:36:29 Saved as file E:\MUSHTAQ PCB\PROGRAMMABLE GPIO72 CARD\PROGRAMMABLE_GPIO72_CARD-8.MAX
Tue Aug 28 11:39:14 Saved as file E:\MUSHTAQ PCB\PROGRAMMABLE GPIO72 CARD\PROGRAMMABLE_GPIO72_CARD-8.MAX
Tue Aug 28 11:39:14 Saved as file E:\MUSHTAQ PCB\PROGRAMMABLE GPIO72 CARD\PROGRAMMABLE_GPIO72_CARD-8.MAX
Tue Aug 28 11:39:15 Saved as file E:\MUSHTAQ PCB\PROGRAMMABLE GPIO72 CARD\PROGRAMMABLE_GPIO72_CARD-8.MAX
Tue Aug 28 11:39:15 Saved as file E:\MUSHTAQ PCB\PROGRAMMABLE GPIO72 CARD\PROGRAMMABLE_GPIO72_CARD-8.MAX
Tue Aug 28 11:40:18 Saved as file E:\MUSHTAQ PCB\PROGRAMMABLE GPIO72 CARD\PROGRAMMABLE_GPIO72_CARD-8.MAX
Tue Aug 28 11:41:39 Saved as file BACKUP1.MAX
Tue Aug 28 11:42:03 Saved as file ~undo.max
Tue Aug 28 11:42:19 Loaded file C:\ORCAD\ORCAD_10.5\TOOLS\LAYOUT\data\template.imp
Tue Aug 28 11:42:19 Loaded file C:\ORCAD\ORCAD_10.5\TOOLS\LAYOUT\data\template.imp
Tue Aug 28 11:42:19 Loaded file C:\ORCAD\ORCAD_10.5\TOOLS\LAYOUT\data\template.imp
Tue Aug 28 11:42:19 Loaded file C:\ORCAD\ORCAD_10.5\TOOLS\LAYOUT\data\template.imp
Tue Aug 28 11:42:21 Loaded file C:\ORCAD\ORCAD_10.5\TOOLS\LAYOUT_PLUS\LIBRARY\BCON156T.LLB
Tue Aug 28 11:42:25 Loaded file C:\ORCAD\ORCAD_10.5\TOOLS\LAYOUT_PLUS\LIBRARY\METRIC.LLB
Tue Aug 28 11:42:26 Loaded file E:\MUSHTAQ PCB\SAJJAD SAB\MC\MY LIB.LLB
Tue Aug 28 11:42:26 Loaded file E:\MUSHTAQ PCB\MUSHTAQ DOC\PCB'S\MUSHTAQ_1LIB.LLB
Tue Aug 28 11:42:34 Loaded file C:\ORCAD\ORCAD_10.5\TOOLS\LAYOUT\data\template.imp
Tue Aug 28 11:42:35 Loaded file C:\ORCAD\ORCAD_10.5\TOOLS\LAYOUT\data\template.imp
Tue Aug 28 11:42:41 Saved as file ~undo.max
Tue Aug 28 11:43:14 Saved as file ~undo.max
Tue Aug 28 11:45:56 Saved as file E:\MUSHTAQ PCB\PROGRAMMABLE GPIO72 CARD\PROGRAMMABLE_GPIO72_CARD-8.MAX
Tue Aug 28 11:45:57 Saved as file E:\MUSHTAQ PCB\PROGRAMMABLE GPIO72 CARD\PROGRAMMABLE_GPIO72_CARD-8.MAX
Tue Aug 28 11:45:57 Saved as file E:\MUSHTAQ PCB\PROGRAMMABLE GPIO72 CARD\PROGRAMMABLE_GPIO72_CARD-8.MAX
Tue Aug 28 14:31:43 Saved as file ~undo.max
Tue Aug 28 14:32:00 Saved as file ~undo.max
Tue Aug 28 14:32:38 Saved as file ~undo.max
Tue Aug 28 14:33:01 Saved as file ~undo.max
Tue Aug 28 14:34:23 Saved as file E:\MUSHTAQ PCB\PROGRAMMABLE GPIO72 CARD\PROGRAMMABLE_GPIO72_CARD-8.MAX
Tue Aug 28 14:36:09 Saved as file BACKUP1.MAX
Tue Aug 28 14:36:19 Saved as file E:\MUSHTAQ PCB\PROGRAMMABLE GPIO72 CARD\PROGRAMMABLE_GPIO72_CARD-8.MAX
Tue Aug 28 14:37:08 Saved as file E:\MUSHTAQ PCB\PROGRAMMABLE GPIO72 CARD\PROGRAMMABLE_GPIO72_CARD-8.MAX
Tue Aug 28 14:37:43 Saved as file ~undo.max
Tue Aug 28 14:46:10 Saved as file BACKUP1.MAX
Tue Aug 28 14:47:46 Saved as file E:\MUSHTAQ PCB\PROGRAMMABLE GPIO72 CARD\PROGRAMMABLE_GPIO72_CARD-8.MAX
Tue Aug 28 14:48:42 Saved as file E:\MUSHTAQ PCB\PROGRAMMABLE GPIO72 CARD\PROGRAMMABLE_GPIO72_CARD-8.MAX
Tue Aug 28 14:49:52 Saved as file E:\MUSHTAQ PCB\PROGRAMMABLE GPIO72 CARD\PROGRAMMABLE_GPIO72_CARD-8.MAX
Tue Aug 28 14:56:39 Saved as file BACKUP1.MAX
Tue Aug 28 15:06:39 Saved as file BACKUP1.MAX
Tue Aug 28 15:12:16 Saved as file E:\MUSHTAQ PCB\PROGRAMMABLE GPIO72 CARD\PROGRAMMABLE_GPIO72_CARD-8.MAX
Tue Aug 28 15:12:23 Saved as file E:\MUSHTAQ PCB\PROGRAMMABLE GPIO72 CARD\PROGRAMMABLE_GPIO72_CARD-8.MAX
Tue Aug 28 15:16:39 Saved as file BACKUP1.MAX
Tue Aug 28 15:26:43 Saved as file BACKUP1.MAX
Tue Aug 28 15:37:09 Saved as file BACKUP1.MAX
Wed Aug 29 08:15:40 Saved as file BACKUP1.MAX
Wed Aug 29 08:25:40 Saved as file BACKUP1.MAX
Wed Aug 29 08:36:10 Saved as file BACKUP1.MAX
Wed Aug 29 08:46:40 Saved as file BACKUP1.MAX
Wed Aug 29 08:57:10 Saved as file BACKUP1.MAX
Wed Aug 29 09:07:40 Saved as file BACKUP1.MAX
Wed Aug 29 09:18:10 Saved as file BACKUP1.MAX
Wed Aug 29 09:28:40 Saved as file BACKUP1.MAX
Wed Aug 29 09:39:10 Saved as file BACKUP1.MAX
Wed Aug 29 09:49:10 Saved as file BACKUP1.MAX
Wed Aug 29 09:59:10 Saved as file BACKUP1.MAX
Wed Aug 29 10:09:41 Saved as file BACKUP1.MAX
Wed Aug 29 10:20:10 Saved as file BACKUP1.MAX
Wed Aug 29 10:30:40 Saved as file BACKUP1.MAX
Wed Aug 29 10:41:10 Saved as file BACKUP1.MAX
Wed Aug 29 10:51:40 Saved as file BACKUP1.MAX
Wed Aug 29 11:02:10 Saved as file BACKUP1.MAX
Wed Aug 29 11:12:41 Saved as file BACKUP1.MAX
Wed Aug 29 11:23:10 Saved as file BACKUP1.MAX
Wed Aug 29 11:33:40 Saved as file BACKUP1.MAX
Wed Aug 29 11:44:10 Saved as file BACKUP1.MAX
Wed Aug 29 11:54:40 Saved as file BACKUP1.MAX
Wed Aug 29 12:05:10 Saved as file BACKUP1.MAX
Wed Aug 29 12:15:40 Saved as file BACKUP1.MAX
Wed Aug 29 12:26:10 Saved as file BACKUP1.MAX
Wed Aug 29 12:36:40 Saved as file BACKUP1.MAX
Wed Aug 29 12:47:10 Saved as file BACKUP1.MAX
Wed Aug 29 12:57:40 Saved as file BACKUP1.MAX
Wed Aug 29 13:08:11 Saved as file BACKUP1.MAX
Wed Aug 29 13:18:40 Saved as file BACKUP1.MAX
Wed Aug 29 13:29:10 Saved as file BACKUP1.MAX
Wed Aug 29 13:39:40 Saved as file BACKUP1.MAX
Wed Aug 29 13:50:10 Saved as file BACKUP1.MAX
Wed Aug 29 13:59:32 Saved as file E:\MUSHTAQ PCB\PROGRAMMABLE GPIO72 CARD\PROGRAMMABLE_GPIO72_CARD-8.MAX
Wed Aug 29 14:00:40 Saved as file BACKUP1.MAX
Wed Aug 29 14:11:11 Saved as file BACKUP1.MAX
Wed Aug 29 14:21:40 Saved as file BACKUP1.MAX
Wed Aug 29 14:32:10 Saved as file BACKUP1.MAX
Wed Aug 29 14:42:40 Saved as file BACKUP1.MAX
Wed Aug 29 14:52:40 Saved as file BACKUP1.MAX
Wed Aug 29 15:02:40 Saved as file BACKUP1.MAX
Wed Aug 29 15:13:11 Saved as file BACKUP1.MAX
Wed Aug 29 15:23:40 Saved as file BACKUP1.MAX
Wed Aug 29 15:34:10 Saved as file BACKUP1.MAX
Wed Aug 29 15:44:40 Saved as file BACKUP1.MAX
Wed Aug 29 15:54:40 Saved as file BACKUP1.MAX
Wed Aug 29 16:04:40 Saved as file BACKUP1.MAX
Mon Sep 10 14:11:14 Saved as file BACKUP1.MAX
Mon Sep 10 14:21:44 Saved as file BACKUP1.MAX
Mon Sep 10 14:32:13 Saved as file BACKUP1.MAX
Mon Sep 10 14:42:43 Saved as file BACKUP1.MAX
Tue Sep 11 11:45:25 Saved as file BACKUP1.MAX
Tue Sep 11 11:55:55 Saved as file BACKUP1.MAX
Tue Sep 11 12:06:24 Saved as file BACKUP1.MAX
Tue Sep 11 12:16:54 Saved as file BACKUP1.MAX
Tue Sep 11 12:27:24 Saved as file BACKUP1.MAX
Tue Sep 11 12:37:54 Saved as file BACKUP1.MAX
Tue Sep 11 12:48:24 Saved as file BACKUP1.MAX
Tue Sep 11 12:58:55 Saved as file BACKUP1.MAX
Tue Sep 11 13:09:24 Saved as file BACKUP1.MAX
Tue Sep 11 13:19:54 Saved as file BACKUP1.MAX
Tue Sep 11 13:30:24 Saved as file BACKUP1.MAX
Tue Sep 11 13:40:54 Saved as file BACKUP1.MAX
Tue Sep 11 13:51:24 Saved as file BACKUP1.MAX
Tue Sep 11 14:01:25 Saved as file BACKUP1.MAX
Tue Sep 11 14:03:17 Saved as file E:\MUSHTAQ PCB\PROGRAMMABLE GPIO72 CARD\PROGRAMMABLE_GPIO72_CARD-8.MAX
Tue Sep 11 14:03:46 Saved as file ~undo.max
Tue Sep 11 14:11:54 Saved as file BACKUP1.MAX
Tue Sep 11 14:22:24 Saved as file BACKUP1.MAX
Tue Sep 11 14:25:33 Saved as file E:\MUSHTAQ PCB\PROGRAMMABLE GPIO72 CARD\PROGRAMMABLE_GPIO72_CARD-9.MAX
Tue Sep 11 14:38:56 Saved as file BACKUP1.MAX
Tue Sep 11 14:49:26 Saved as file BACKUP1.MAX
Tue Sep 11 14:59:27 Saved as file BACKUP1.MAX
Tue Sep 11 15:09:27 Saved as file BACKUP1.MAX
Tue Sep 11 15:19:27 Saved as file BACKUP1.MAX
Tue Sep 11 15:29:57 Saved as file BACKUP1.MAX
Wed Sep 12 14:06:21 Saved as file BACKUP1.MAX
Wed Sep 12 14:09:58 Saved as file ~undo.max
Wed Sep 12 14:10:08 Saved as file ~undo.max
Wed Sep 12 14:10:15 Saved as file ~undo.max
Wed Sep 12 14:10:35 Saved as file ~undo.max
Wed Sep 12 14:10:53 Saved as file ~undo.max
Wed Sep 12 14:11:09 Saved as file ~undo.max
Wed Sep 12 14:11:20 Saved as file ~undo.max
Wed Sep 12 14:11:47 Saved as file ~undo.max
Wed Sep 12 14:16:50 Saved as file BACKUP1.MAX
Wed Sep 12 14:17:17 Saved as file ~undo.max
Wed Sep 12 14:18:29 Saved as file ~undo.max
Wed Sep 12 14:19:13 Saved as file ~undo.max
Wed Sep 12 14:27:58 Saved as file E:\MUSHTAQ PCB\PROGRAMMABLE GPIO72 CARD\PROGRAMMABLE_GPIO72_CARD_FINAL REV2 11-09-2012\PROGRAMMABLE_GPIO72_CARD-9.MAX
Wed Sep 12 14:31:58 Saved as file BACKUP1.MAX
Wed Sep 12 14:42:29 Saved as file BACKUP1.MAX
Wed Sep 12 14:53:24 Saved as file BACKUP1.MAX
Wed Sep 12 14:55:14 Saved as file ~undo.max
Wed Sep 12 14:58:53 Saved as file ~undo.max
Wed Sep 12 15:03:59 Saved as file BACKUP1.MAX
Wed Sep 12 15:14:28 Saved as file BACKUP1.MAX
Thu Sep 13 07:57:02 Saved as file E:\MUSHTAQ PCB\PROGRAMMABLE GPIO72 CARD\PROGRAMMABLE_GPIO72_CARD_FINAL REV2 11-09-2012\PROGRAMMABLE_GPIO72_CARD-9.MAX
Thu Sep 13 07:57:02 Saved as file E:\MUSHTAQ PCB\PROGRAMMABLE GPIO72 CARD\PROGRAMMABLE_GPIO72_CARD_FINAL REV2 11-09-2012\PROGRAMMABLE_GPIO72_CARD-9.MAX
Thu Sep 13 07:57:44 Saved as file ~undo.max
Thu Sep 13 07:58:28 Saved as file ~undo.max
Thu Sep 13 07:59:17 Saved as file ~undo.max
Thu Sep 13 08:01:10 Saved as file ~undo.max
Thu Sep 13 08:02:10 Saved as file ~undo.max
Thu Sep 13 08:03:41 Saved as file ~undo.max
Thu Sep 13 08:04:57 Saved as file ~undo.max
Thu Sep 13 08:05:02 Saved as file ~undo2.max
Thu Sep 13 08:05:02 Loaded file ~undo.max
Thu Sep 13 08:05:27 Saved as file BACKUP1.MAX
Thu Sep 13 08:05:47 Saved as file ~undo.max
Thu Sep 13 08:05:58 Saved as file ~undo.max
Thu Sep 13 08:08:41 Saved as file ~undo.max
Thu Sep 13 08:08:55 Saved as file ~undo.max
Thu Sep 13 08:11:47 Saved as file ~undo.max
Thu Sep 13 08:15:35 Saved as file BACKUP1.MAX
Thu Sep 13 08:16:58 Saved as file ~undo.max
Thu Sep 13 08:20:25 Saved as file E:\MUSHTAQ PCB\PROGRAMMABLE GPIO72 CARD\PROGRAMMABLE_GPIO72_CARD_FINAL REV2 11-09-2012\PROGRAMMABLE_GPIO72_CARD-9.MAX
Thu Sep 13 08:20:26 Saved as file E:\MUSHTAQ PCB\PROGRAMMABLE GPIO72 CARD\PROGRAMMABLE_GPIO72_CARD_FINAL REV2 11-09-2012\PROGRAMMABLE_GPIO72_CARD-9.MAX
Thu Sep 13 08:26:35 Saved as file BACKUP1.MAX
Thu Sep 13 08:37:08 Saved as file BACKUP1.MAX
Thu Sep 13 08:42:53 Saved as file E:\MUSHTAQ PCB\PROGRAMMABLE GPIO72 CARD\PROGRAMMABLE_GPIO72_CARD_FINAL REV2 11-09-2012\PROGRAMMABLE_GPIO72_CARD-9.MAX
