Post Processor Report
OrCAD FILE: E:\MUSHTAQ PCB\SAJJAD HUSSAIN\PROGRAMMABLE GPIO72 CARD\PROGRAMMABLE_GPIO72_CARD_REV2 11-09-2012\PROGRAMMABLE_GPIO72_CARD-9.MAX
Thu Sep 13 09:00:28 2012

*********************************************************

Output file: E:\MUSHTAQ PCB\SAJJAD HUSSAIN\PROGRAMMABLE GPIO72 CARD\PROGRAMMABLE_GPIO72_CARD_REV2 11-09-2012\PROGRAMMABLE_GPIO72_CARD-9.TOP

Aperture totals for E:\MUSHTAQ PCB\SAJJAD HUSSAIN\PROGRAMMABLE GPIO72 CARD\PROGRAMMABLE_GPIO72_CARD_REV2 11-09-2012\PROGRAMMABLE_GPIO72_CARD-9.TOP:
---------------------------------------------------------
D10:  0.0800 SQUARE --       0 Draws,      10 Flashes
D11:  0.0320 x 0.0380 RECTANGLE -----      10 Flashes
D12:  0.0380 x 0.0320 RECTANGLE -----      34 Flashes
D13:  0.0500 SQUARE --       0 Draws,      22 Flashes
D14:  0.0580 ROUND  --       0 Draws,     219 Flashes
D15:  0.0580 SQUARE --       0 Draws,      12 Flashes
D16:  0.0600 ROUND  --       0 Draws,      13 Flashes
D17:  0.0600 SQUARE --       0 Draws,       8 Flashes
D18:  0.0300 ROUND  --       0 Draws,       7 Flashes
D19:  0.0300 SQUARE --       0 Draws,       1 Flashes
D20:  0.0590 x 0.0161 RECTANGLE -----       8 Flashes
D21:  0.0900 x 0.0160 OBLONG    -----      19 Flashes
D22:  0.0900 x 0.0160 RECTANGLE -----       1 Flashes
D23:  0.1968 x 0.4724 RECTANGLE -----       1 Flashes
D24:  0.0880 x 0.0480 RECTANGLE -----       3 Flashes
D25:  0.0700 x 0.0110 OBLONG    -----     174 Flashes
D26:  0.0700 x 0.0110 RECTANGLE -----      18 Flashes
D27:  0.0110 x 0.0700 OBLONG    -----     171 Flashes
D28:  0.0110 x 0.0700 RECTANGLE -----      21 Flashes
D29:  0.0315 x 0.2559 OBLONG    -----      58 Flashes
D30:  0.0250 x 0.0860 OBLONG    -----       7 Flashes
D31:  0.0250 x 0.0860 RECTANGLE -----       1 Flashes
D32:  0.0080 ROUND  --       5 Draws,       0 Flashes
D33:  0.0100 ROUND  --    2212 Draws,       0 Flashes
D34:  0.0300 ROUND  --       0 Draws,     325 Flashes
D35:  0.0160 ROUND  --      54 Draws,       0 Flashes
D36:  0.0450 ROUND  --       0 Draws,      23 Flashes
D37:  0.0250 ROUND  --      19 Draws,       0 Flashes
D38:  0.0200 ROUND  --      35 Draws,       0 Flashes
D39:  0.0120 ROUND  --       5 Draws,       0 Flashes
D40:  0.0300 ROUND  --       0 Draws,       5 Flashes
D41:  0.0450 ROUND  --       0 Draws,       1 Flashes
---------------------------------------------------------
 32 D-Codes      -----    2330 Draws,    1172 Flashes

*********************************************************

Output file: E:\MUSHTAQ PCB\SAJJAD HUSSAIN\PROGRAMMABLE GPIO72 CARD\PROGRAMMABLE_GPIO72_CARD_REV2 11-09-2012\PROGRAMMABLE_GPIO72_CARD-9.BOT

Aperture totals for E:\MUSHTAQ PCB\SAJJAD HUSSAIN\PROGRAMMABLE GPIO72 CARD\PROGRAMMABLE_GPIO72_CARD_REV2 11-09-2012\PROGRAMMABLE_GPIO72_CARD-9.BOT:
---------------------------------------------------------
D33:  0.0100 ROUND  --    1125 Draws,       0 Flashes
D34:  0.0300 ROUND  --       0 Draws,     324 Flashes
D35:  0.0160 ROUND  --       5 Draws,       0 Flashes
D36:  0.0450 ROUND  --       0 Draws,      24 Flashes
D37:  0.0250 ROUND  --      11 Draws,       0 Flashes
D38:  0.0200 ROUND  --      54 Draws,       0 Flashes
D39:  0.0120 ROUND  --      12 Draws,       0 Flashes
D40:  0.0300 ROUND  --       0 Draws,       4 Flashes
D42:  0.0380 x 0.0320 RECTANGLE -----      68 Flashes
D43:  0.0500 SQUARE --       0 Draws,       4 Flashes
D44:  0.0320 x 0.0380 RECTANGLE -----      58 Flashes
D45:  0.0800 SQUARE --       0 Draws,      34 Flashes
D46:  0.0580 ROUND  --       0 Draws,     219 Flashes
D47:  0.0580 SQUARE --       0 Draws,      12 Flashes
D48:  0.0600 ROUND  --       0 Draws,      13 Flashes
D49:  0.0600 SQUARE --       0 Draws,       8 Flashes
D50:  0.0300 ROUND  --       0 Draws,       7 Flashes
D51:  0.0300 SQUARE --       0 Draws,       1 Flashes
D52:  0.0400 x 0.0270 OBLONG    -----       4 Flashes
D53:  0.0400 x 0.0270 RECTANGLE -----       1 Flashes
D54:  0.0315 x 0.2559 OBLONG    -----      58 Flashes
D55:  0.0787 x 0.0708 RECTANGLE -----       4 Flashes
D56:  0.0300 ROUND  --       0 Draws,       2 Flashes
---------------------------------------------------------
 23 D-Codes      -----    1207 Draws,     845 Flashes

*********************************************************

Output file: E:\MUSHTAQ PCB\SAJJAD HUSSAIN\PROGRAMMABLE GPIO72 CARD\PROGRAMMABLE_GPIO72_CARD_REV2 11-09-2012\PROGRAMMABLE_GPIO72_CARD-9.IN1

Aperture totals for E:\MUSHTAQ PCB\SAJJAD HUSSAIN\PROGRAMMABLE GPIO72 CARD\PROGRAMMABLE_GPIO72_CARD_REV2 11-09-2012\PROGRAMMABLE_GPIO72_CARD-9.IN1:
---------------------------------------------------------
D33:  0.0100 ROUND  --    1134 Draws,       0 Flashes
D40:  0.0300 ROUND  --       0 Draws,     240 Flashes
D41:  0.0450 ROUND  --       0 Draws,      21 Flashes
D46:  0.0580 ROUND  --       0 Draws,     219 Flashes
D47:  0.0580 SQUARE --       0 Draws,      12 Flashes
D48:  0.0600 ROUND  --       0 Draws,      10 Flashes
D49:  0.0600 SQUARE --       0 Draws,       5 Flashes
D50:  0.0300 ROUND  --       0 Draws,       2 Flashes
D56:  0.0300 ROUND  --       0 Draws,      90 Flashes
D57:  0.0010 ROUND  --   98323 Draws,       0 Flashes
D58:  0.0450 ROUND  --       0 Draws,       3 Flashes
---------------------------------------------------------
 11 D-Codes      -----   99457 Draws,     602 Flashes

*********************************************************

Output file: E:\MUSHTAQ PCB\SAJJAD HUSSAIN\PROGRAMMABLE GPIO72 CARD\PROGRAMMABLE_GPIO72_CARD_REV2 11-09-2012\PROGRAMMABLE_GPIO72_CARD-9.IN2

Aperture totals for E:\MUSHTAQ PCB\SAJJAD HUSSAIN\PROGRAMMABLE GPIO72 CARD\PROGRAMMABLE_GPIO72_CARD_REV2 11-09-2012\PROGRAMMABLE_GPIO72_CARD-9.IN2:
---------------------------------------------------------
D33:  0.0100 ROUND  --     534 Draws,       0 Flashes
D40:  0.0300 ROUND  --       0 Draws,     240 Flashes
D41:  0.0450 ROUND  --       0 Draws,      21 Flashes
D46:  0.0580 ROUND  --       0 Draws,     219 Flashes
D47:  0.0580 SQUARE --       0 Draws,      12 Flashes
D48:  0.0600 ROUND  --       0 Draws,      10 Flashes
D49:  0.0600 SQUARE --       0 Draws,       5 Flashes
D50:  0.0300 ROUND  --       0 Draws,       2 Flashes
D56:  0.0300 ROUND  --       0 Draws,      90 Flashes
D57:  0.0010 ROUND  --   78362 Draws,       0 Flashes
D58:  0.0450 ROUND  --       0 Draws,       3 Flashes
---------------------------------------------------------
 11 D-Codes      -----   78896 Draws,     602 Flashes

*********************************************************

Output file: E:\MUSHTAQ PCB\SAJJAD HUSSAIN\PROGRAMMABLE GPIO72 CARD\PROGRAMMABLE_GPIO72_CARD_REV2 11-09-2012\PROGRAMMABLE_GPIO72_CARD-9.SMT

Aperture totals for E:\MUSHTAQ PCB\SAJJAD HUSSAIN\PROGRAMMABLE GPIO72 CARD\PROGRAMMABLE_GPIO72_CARD_REV2 11-09-2012\PROGRAMMABLE_GPIO72_CARD-9.SMT:
---------------------------------------------------------
D40:  0.0300 ROUND  --       0 Draws,     240 Flashes
D41:  0.0450 ROUND  --       0 Draws,      21 Flashes
D42:  0.0380 x 0.0320 RECTANGLE -----      34 Flashes
D43:  0.0500 SQUARE --       0 Draws,      22 Flashes
D44:  0.0320 x 0.0380 RECTANGLE -----      10 Flashes
D45:  0.0800 SQUARE --       0 Draws,      10 Flashes
D46:  0.0580 ROUND  --       0 Draws,     219 Flashes
D47:  0.0580 SQUARE --       0 Draws,      12 Flashes
D50:  0.0300 ROUND  --       0 Draws,       2 Flashes
D54:  0.0315 x 0.2559 OBLONG    -----      58 Flashes
D56:  0.0300 ROUND  --       0 Draws,      90 Flashes
D58:  0.0450 ROUND  --       0 Draws,       3 Flashes
D59:  0.0700 ROUND  --       0 Draws,       3 Flashes
D60:  0.0700 SQUARE --       0 Draws,       3 Flashes
D61:  0.0400 ROUND  --       0 Draws,       5 Flashes
D62:  0.0400 SQUARE --       0 Draws,       1 Flashes
D63:  0.0590 x 0.0161 RECTANGLE -----       8 Flashes
D64:  0.0900 x 0.0160 OBLONG    -----      19 Flashes
D65:  0.0900 x 0.0160 RECTANGLE -----       1 Flashes
D66:  0.1968 x 0.4724 RECTANGLE -----       1 Flashes
D67:  0.0880 x 0.0480 RECTANGLE -----       3 Flashes
D68:  0.0700 x 0.0110 OBLONG    -----     174 Flashes
D69:  0.0700 x 0.0110 RECTANGLE -----      18 Flashes
D70:  0.0110 x 0.0700 OBLONG    -----     171 Flashes
D71:  0.0110 x 0.0700 RECTANGLE -----      21 Flashes
D72:  0.0250 x 0.0860 OBLONG    -----       7 Flashes
D73:  0.0250 x 0.0860 RECTANGLE -----       1 Flashes
D74:  0.0650 ROUND  --       0 Draws,      10 Flashes
D75:  0.0650 SQUARE --       0 Draws,       5 Flashes
---------------------------------------------------------
 29 D-Codes      -----       0 Draws,    1172 Flashes

*********************************************************

Output file: E:\MUSHTAQ PCB\SAJJAD HUSSAIN\PROGRAMMABLE GPIO72 CARD\PROGRAMMABLE_GPIO72_CARD_REV2 11-09-2012\PROGRAMMABLE_GPIO72_CARD-9.SMB

Aperture totals for E:\MUSHTAQ PCB\SAJJAD HUSSAIN\PROGRAMMABLE GPIO72 CARD\PROGRAMMABLE_GPIO72_CARD_REV2 11-09-2012\PROGRAMMABLE_GPIO72_CARD-9.SMB:
---------------------------------------------------------
D40:  0.0300 ROUND  --       0 Draws,     240 Flashes
D41:  0.0450 ROUND  --       0 Draws,      21 Flashes
D42:  0.0380 x 0.0320 RECTANGLE -----      68 Flashes
D43:  0.0500 SQUARE --       0 Draws,       4 Flashes
D44:  0.0320 x 0.0380 RECTANGLE -----      58 Flashes
D45:  0.0800 SQUARE --       0 Draws,      34 Flashes
D46:  0.0580 ROUND  --       0 Draws,     219 Flashes
D47:  0.0580 SQUARE --       0 Draws,      12 Flashes
D50:  0.0300 ROUND  --       0 Draws,       2 Flashes
D52:  0.0400 x 0.0270 OBLONG    -----       4 Flashes
D53:  0.0400 x 0.0270 RECTANGLE -----       1 Flashes
D54:  0.0315 x 0.2559 OBLONG    -----      58 Flashes
D55:  0.0787 x 0.0708 RECTANGLE -----       3 Flashes
D56:  0.0300 ROUND  --       0 Draws,      90 Flashes
D58:  0.0450 ROUND  --       0 Draws,       3 Flashes
D59:  0.0700 ROUND  --       0 Draws,       3 Flashes
D60:  0.0700 SQUARE --       0 Draws,       3 Flashes
D61:  0.0400 ROUND  --       0 Draws,       5 Flashes
D62:  0.0400 SQUARE --       0 Draws,       1 Flashes
D74:  0.0650 ROUND  --       0 Draws,      10 Flashes
D75:  0.0650 SQUARE --       0 Draws,       5 Flashes
D76:  0.0480 x 0.0560 RECTANGLE -----       1 Flashes
---------------------------------------------------------
 22 D-Codes      -----       0 Draws,     845 Flashes

*********************************************************

Output file: E:\MUSHTAQ PCB\SAJJAD HUSSAIN\PROGRAMMABLE GPIO72 CARD\PROGRAMMABLE_GPIO72_CARD_REV2 11-09-2012\PROGRAMMABLE_GPIO72_CARD-9.SPT

Aperture totals for E:\MUSHTAQ PCB\SAJJAD HUSSAIN\PROGRAMMABLE GPIO72 CARD\PROGRAMMABLE_GPIO72_CARD_REV2 11-09-2012\PROGRAMMABLE_GPIO72_CARD-9.SPT:
---------------------------------------------------------
D40:  0.0300 ROUND  --       0 Draws,     240 Flashes
D41:  0.0450 ROUND  --       0 Draws,      21 Flashes
D42:  0.0380 x 0.0320 RECTANGLE -----      34 Flashes
D43:  0.0500 SQUARE --       0 Draws,      22 Flashes
D44:  0.0320 x 0.0380 RECTANGLE -----      10 Flashes
D45:  0.0800 SQUARE --       0 Draws,      10 Flashes
D50:  0.0300 ROUND  --       0 Draws,       2 Flashes
D54:  0.0315 x 0.2559 OBLONG    -----      58 Flashes
D56:  0.0300 ROUND  --       0 Draws,      90 Flashes
D58:  0.0450 ROUND  --       0 Draws,       3 Flashes
D63:  0.0590 x 0.0161 RECTANGLE -----       8 Flashes
D64:  0.0900 x 0.0160 OBLONG    -----      19 Flashes
D65:  0.0900 x 0.0160 RECTANGLE -----       1 Flashes
D66:  0.1968 x 0.4724 RECTANGLE -----       1 Flashes
D67:  0.0880 x 0.0480 RECTANGLE -----       3 Flashes
D68:  0.0700 x 0.0110 OBLONG    -----     174 Flashes
D69:  0.0700 x 0.0110 RECTANGLE -----      18 Flashes
D70:  0.0110 x 0.0700 OBLONG    -----     171 Flashes
D71:  0.0110 x 0.0700 RECTANGLE -----      21 Flashes
D72:  0.0250 x 0.0860 OBLONG    -----       7 Flashes
D73:  0.0250 x 0.0860 RECTANGLE -----       1 Flashes
---------------------------------------------------------
 21 D-Codes      -----       0 Draws,     914 Flashes

*********************************************************

Output file: E:\MUSHTAQ PCB\SAJJAD HUSSAIN\PROGRAMMABLE GPIO72 CARD\PROGRAMMABLE_GPIO72_CARD_REV2 11-09-2012\PROGRAMMABLE_GPIO72_CARD-9.SPB

Aperture totals for E:\MUSHTAQ PCB\SAJJAD HUSSAIN\PROGRAMMABLE GPIO72 CARD\PROGRAMMABLE_GPIO72_CARD_REV2 11-09-2012\PROGRAMMABLE_GPIO72_CARD-9.SPB:
---------------------------------------------------------
D40:  0.0300 ROUND  --       0 Draws,     240 Flashes
D41:  0.0450 ROUND  --       0 Draws,      21 Flashes
D42:  0.0380 x 0.0320 RECTANGLE -----      68 Flashes
D43:  0.0500 SQUARE --       0 Draws,       4 Flashes
D44:  0.0320 x 0.0380 RECTANGLE -----      58 Flashes
D45:  0.0800 SQUARE --       0 Draws,      34 Flashes
D50:  0.0300 ROUND  --       0 Draws,       2 Flashes
D52:  0.0400 x 0.0270 OBLONG    -----       4 Flashes
D53:  0.0400 x 0.0270 RECTANGLE -----       1 Flashes
D54:  0.0315 x 0.2559 OBLONG    -----      58 Flashes
D55:  0.0787 x 0.0708 RECTANGLE -----       4 Flashes
D56:  0.0300 ROUND  --       0 Draws,      90 Flashes
D58:  0.0450 ROUND  --       0 Draws,       3 Flashes
---------------------------------------------------------
 13 D-Codes      -----       0 Draws,     587 Flashes

*********************************************************

Output file: E:\MUSHTAQ PCB\SAJJAD HUSSAIN\PROGRAMMABLE GPIO72 CARD\PROGRAMMABLE_GPIO72_CARD_REV2 11-09-2012\PROGRAMMABLE_GPIO72_CARD-9.SST

Aperture totals for E:\MUSHTAQ PCB\SAJJAD HUSSAIN\PROGRAMMABLE GPIO72 CARD\PROGRAMMABLE_GPIO72_CARD_REV2 11-09-2012\PROGRAMMABLE_GPIO72_CARD-9.SST:
---------------------------------------------------------
D32:  0.0080 ROUND  --     661 Draws,       0 Flashes
D33:  0.0100 ROUND  --     454 Draws,       0 Flashes
D38:  0.0200 ROUND  --      16 Draws,       0 Flashes
D40:  0.0300 ROUND  --       0 Draws,     240 Flashes
D41:  0.0450 ROUND  --       0 Draws,      21 Flashes
D50:  0.0300 ROUND  --       0 Draws,       2 Flashes
D56:  0.0300 ROUND  --       0 Draws,      90 Flashes
D58:  0.0450 ROUND  --       0 Draws,       3 Flashes
D77:  0.0060 ROUND  --     872 Draws,       0 Flashes
D78:  0.0050 ROUND  --     288 Draws,       0 Flashes
D79:  0.0070 ROUND  --      42 Draws,       0 Flashes
D80:  0.0030 ROUND  --      92 Draws,       0 Flashes
D81:  0.0150 ROUND  --      78 Draws,       0 Flashes
---------------------------------------------------------
 13 D-Codes      -----    2503 Draws,     356 Flashes

*********************************************************

Output file: E:\MUSHTAQ PCB\SAJJAD HUSSAIN\PROGRAMMABLE GPIO72 CARD\PROGRAMMABLE_GPIO72_CARD_REV2 11-09-2012\PROGRAMMABLE_GPIO72_CARD-9.SSB

Aperture totals for E:\MUSHTAQ PCB\SAJJAD HUSSAIN\PROGRAMMABLE GPIO72 CARD\PROGRAMMABLE_GPIO72_CARD_REV2 11-09-2012\PROGRAMMABLE_GPIO72_CARD-9.SSB:
---------------------------------------------------------
D32:  0.0080 ROUND  --      61 Draws,       0 Flashes
D33:  0.0100 ROUND  --      56 Draws,       0 Flashes
D40:  0.0300 ROUND  --       0 Draws,     240 Flashes
D41:  0.0450 ROUND  --       0 Draws,      21 Flashes
D50:  0.0300 ROUND  --       0 Draws,       2 Flashes
D56:  0.0300 ROUND  --       0 Draws,      90 Flashes
D58:  0.0450 ROUND  --       0 Draws,       3 Flashes
D77:  0.0060 ROUND  --    1975 Draws,       0 Flashes
D78:  0.0050 ROUND  --      68 Draws,       0 Flashes
D79:  0.0070 ROUND  --      10 Draws,       0 Flashes
---------------------------------------------------------
 10 D-Codes      -----    2170 Draws,     356 Flashes

*********************************************************

Output file: E:\MUSHTAQ PCB\SAJJAD HUSSAIN\PROGRAMMABLE GPIO72 CARD\PROGRAMMABLE_GPIO72_CARD_REV2 11-09-2012\PROGRAMMABLE_GPIO72_CARD-9.FAB

Aperture totals for E:\MUSHTAQ PCB\SAJJAD HUSSAIN\PROGRAMMABLE GPIO72 CARD\PROGRAMMABLE_GPIO72_CARD_REV2 11-09-2012\PROGRAMMABLE_GPIO72_CARD-9.FAB:
---------------------------------------------------------
D33:  0.0100 ROUND  --      25 Draws,       0 Flashes
D40:  0.0300 ROUND  --       0 Draws,     240 Flashes
D41:  0.0450 ROUND  --       0 Draws,      21 Flashes
D50:  0.0300 ROUND  --       0 Draws,       2 Flashes
D56:  0.0300 ROUND  --       0 Draws,      90 Flashes
D58:  0.0450 ROUND  --       0 Draws,       3 Flashes
---------------------------------------------------------
  6 D-Codes      -----      25 Draws,     356 Flashes


*********************************************************

Aperture totals for entire project:
---------------------------------------------------------
D10:  0.0800 SQUARE --       0 Draws,      10 Flashes
D11:  0.0320 x 0.0380 RECTANGLE -----      10 Flashes
D12:  0.0380 x 0.0320 RECTANGLE -----      34 Flashes
D13:  0.0500 SQUARE --       0 Draws,      22 Flashes
D14:  0.0580 ROUND  --       0 Draws,     219 Flashes
D15:  0.0580 SQUARE --       0 Draws,      12 Flashes
D16:  0.0600 ROUND  --       0 Draws,      13 Flashes
D17:  0.0600 SQUARE --       0 Draws,       8 Flashes
D18:  0.0300 ROUND  --       0 Draws,       7 Flashes
D19:  0.0300 SQUARE --       0 Draws,       1 Flashes
D20:  0.0590 x 0.0161 RECTANGLE -----       8 Flashes
D21:  0.0900 x 0.0160 OBLONG    -----      19 Flashes
D22:  0.0900 x 0.0160 RECTANGLE -----       1 Flashes
D23:  0.1968 x 0.4724 RECTANGLE -----       1 Flashes
D24:  0.0880 x 0.0480 RECTANGLE -----       3 Flashes
D25:  0.0700 x 0.0110 OBLONG    -----     174 Flashes
D26:  0.0700 x 0.0110 RECTANGLE -----      18 Flashes
D27:  0.0110 x 0.0700 OBLONG    -----     171 Flashes
D28:  0.0110 x 0.0700 RECTANGLE -----      21 Flashes
D29:  0.0315 x 0.2559 OBLONG    -----      58 Flashes
D30:  0.0250 x 0.0860 OBLONG    -----       7 Flashes
D31:  0.0250 x 0.0860 RECTANGLE -----       1 Flashes
D32:  0.0080 ROUND  --     727 Draws,       0 Flashes
D33:  0.0100 ROUND  --    5540 Draws,       0 Flashes
D34:  0.0300 ROUND  --       0 Draws,     649 Flashes
D35:  0.0160 ROUND  --      59 Draws,       0 Flashes
D36:  0.0450 ROUND  --       0 Draws,      47 Flashes
D37:  0.0250 ROUND  --      30 Draws,       0 Flashes
D38:  0.0200 ROUND  --     105 Draws,       0 Flashes
D39:  0.0120 ROUND  --      17 Draws,       0 Flashes
D40:  0.0300 ROUND  --       0 Draws,    2169 Flashes
D41:  0.0450 ROUND  --       0 Draws,     190 Flashes
D42:  0.0380 x 0.0320 RECTANGLE -----     272 Flashes
D43:  0.0500 SQUARE --       0 Draws,      56 Flashes
D44:  0.0320 x 0.0380 RECTANGLE -----     194 Flashes
D45:  0.0800 SQUARE --       0 Draws,     122 Flashes
D46:  0.0580 ROUND  --       0 Draws,    1095 Flashes
D47:  0.0580 SQUARE --       0 Draws,      60 Flashes
D48:  0.0600 ROUND  --       0 Draws,      33 Flashes
D49:  0.0600 SQUARE --       0 Draws,      18 Flashes
D50:  0.0300 ROUND  --       0 Draws,      25 Flashes
D51:  0.0300 SQUARE --       0 Draws,       1 Flashes
D52:  0.0400 x 0.0270 OBLONG    -----      12 Flashes
D53:  0.0400 x 0.0270 RECTANGLE -----       3 Flashes
D54:  0.0315 x 0.2559 OBLONG    -----     290 Flashes
D55:  0.0787 x 0.0708 RECTANGLE -----      11 Flashes
D56:  0.0300 ROUND  --       0 Draws,     812 Flashes
D57:  0.0010 ROUND  --  176685 Draws,       0 Flashes
D58:  0.0450 ROUND  --       0 Draws,      27 Flashes
D59:  0.0700 ROUND  --       0 Draws,       6 Flashes
D60:  0.0700 SQUARE --       0 Draws,       6 Flashes
D61:  0.0400 ROUND  --       0 Draws,      10 Flashes
D62:  0.0400 SQUARE --       0 Draws,       2 Flashes
D63:  0.0590 x 0.0161 RECTANGLE -----      16 Flashes
D64:  0.0900 x 0.0160 OBLONG    -----      38 Flashes
D65:  0.0900 x 0.0160 RECTANGLE -----       2 Flashes
D66:  0.1968 x 0.4724 RECTANGLE -----       2 Flashes
D67:  0.0880 x 0.0480 RECTANGLE -----       6 Flashes
D68:  0.0700 x 0.0110 OBLONG    -----     348 Flashes
D69:  0.0700 x 0.0110 RECTANGLE -----      36 Flashes
D70:  0.0110 x 0.0700 OBLONG    -----     342 Flashes
D71:  0.0110 x 0.0700 RECTANGLE -----      42 Flashes
D72:  0.0250 x 0.0860 OBLONG    -----      14 Flashes
D73:  0.0250 x 0.0860 RECTANGLE -----       2 Flashes
D74:  0.0650 ROUND  --       0 Draws,      20 Flashes
D75:  0.0650 SQUARE --       0 Draws,      10 Flashes
D76:  0.0480 x 0.0560 RECTANGLE -----       1 Flashes
D77:  0.0060 ROUND  --    2847 Draws,       0 Flashes
D78:  0.0050 ROUND  --     356 Draws,       0 Flashes
D79:  0.0070 ROUND  --      52 Draws,       0 Flashes
D80:  0.0030 ROUND  --      92 Draws,       0 Flashes
D81:  0.0150 ROUND  --      78 Draws,       0 Flashes
---------------------------------------------------------
 72 D-Codes      -----  186588 Draws,    7807 Flashes


No warnings or errors.
